Build started 3/11/2013 3:53:47 AM.
     1>Project "C:\Users\Sinan\SkyDrive\My Documents\Northwestern\_EECS 332\arpong\include\udt4\win\recvfile.vcxproj" on node 4 (Build target(s)).
     1>ClCompile:
         C:\Program Files (x86)\Microsoft Visual Studio 11.0\VC\bin\CL.exe /c /I../src /ZI /nologo /W4 /WX- /Od /Oy- /D WIN32 /D _DEBUG /D _CONSOLE /Gm /EHsc /RTCc /RTC1 /MDd /GS /fp:precise /Zc:wchar_t /Zc:forScope /Fo"../app\\" /Fd"../app\vc110.pdb" /FR"../app\\" /Gd /TP /analyze- /errorReport:prompt ..\app\recvfile.cpp
         recvfile.cpp
     1>c:\users\sinan\skydrive\my documents\northwestern\_eecs 332\arpong\include\udt4\src\udt.h(248): warning C4251: 'CUDTException::m_strMsg' : class 'std::basic_string<_Elem,_Traits,_Alloc>' needs to have dll-interface to be used by clients of class 'CUDTException'
                 with
                 [
                     _Elem=char,
                     _Traits=std::char_traits<char>,
                     _Alloc=std::allocator<char>
                 ]
     1>c:\users\sinan\skydrive\my documents\northwestern\_eecs 332\arpong\include\udt4\src\udt.h(250): warning C4251: 'CUDTException::m_strAPI' : class 'std::basic_string<_Elem,_Traits,_Alloc>' needs to have dll-interface to be used by clients of class 'CUDTException'
                 with
                 [
                     _Elem=char,
                     _Traits=std::char_traits<char>,
                     _Alloc=std::allocator<char>
                 ]
     1>c:\users\sinan\skydrive\my documents\northwestern\_eecs 332\arpong\include\udt4\src\udt.h(251): warning C4251: 'CUDTException::m_strDebug' : class 'std::basic_string<_Elem,_Traits,_Alloc>' needs to have dll-interface to be used by clients of class 'CUDTException'
                 with
                 [
                     _Elem=char,
                     _Traits=std::char_traits<char>,
                     _Alloc=std::allocator<char>
                 ]
     1>FileTracker : error FTK1011: could not create the new file tracking log file: C:\Users\Sinan\SkyDrive\My Documents\Northwestern\_EECS 332\arpong\include\udt4\app\CL.read.1.tlog. The file exists.
         
         
         
     1>Done Building Project "C:\Users\Sinan\SkyDrive\My Documents\Northwestern\_EECS 332\arpong\include\udt4\win\recvfile.vcxproj" (Build target(s)) -- FAILED.

Build FAILED.

Time Elapsed 00:00:01.52
