Build started 3/11/2013 3:53:47 AM.
     1>Project "C:\Users\Sinan\SkyDrive\My Documents\Northwestern\_EECS 332\arpong\include\udt4\win\sendfile.vcxproj" on node 5 (Build target(s)).
     1>ClCompile:
         C:\Program Files (x86)\Microsoft Visual Studio 11.0\VC\bin\CL.exe /c /I../src /ZI /nologo /W4 /WX- /Od /Oy- /D WIN32 /D _DEBUG /D _CONSOLE /Gm /EHsc /RTCc /RTC1 /MDd /GS /fp:precise /Zc:wchar_t /Zc:forScope /Fo"../app\\" /Fd"../app\vc110.pdb" /FR"../app\\" /Gd /TP /analyze- /errorReport:prompt ..\app\sendfile.cpp
         sendfile.cpp
     1>c:\users\sinan\skydrive\my documents\northwestern\_eecs 332\arpong\include\udt4\src\udt.h(248): warning C4251: 'CUDTException::m_strMsg' : class 'std::basic_string<_Elem,_Traits,_Alloc>' needs to have dll-interface to be used by clients of class 'CUDTException'
                 with
                 [
                     _Elem=char,
                     _Traits=std::char_traits<char>,
                     _Alloc=std::allocator<char>
                 ]
     1>c:\users\sinan\skydrive\my documents\northwestern\_eecs 332\arpong\include\udt4\src\udt.h(250): warning C4251: 'CUDTException::m_strAPI' : class 'std::basic_string<_Elem,_Traits,_Alloc>' needs to have dll-interface to be used by clients of class 'CUDTException'
                 with
                 [
                     _Elem=char,
                     _Traits=std::char_traits<char>,
                     _Alloc=std::allocator<char>
                 ]
     1>c:\users\sinan\skydrive\my documents\northwestern\_eecs 332\arpong\include\udt4\src\udt.h(251): warning C4251: 'CUDTException::m_strDebug' : class 'std::basic_string<_Elem,_Traits,_Alloc>' needs to have dll-interface to be used by clients of class 'CUDTException'
                 with
                 [
                     _Elem=char,
                     _Traits=std::char_traits<char>,
                     _Alloc=std::allocator<char>
                 ]
     1>c:\users\sinan\skydrive\my documents\northwestern\_eecs 332\arpong\include\udt4\app\sendfile.cpp(77): warning C4127: conditional expression is constant
       Link:
         C:\Program Files (x86)\Microsoft Visual Studio 11.0\VC\bin\link.exe /ERRORREPORT:PROMPT /OUT:"../app\sendfile.exe" /INCREMENTAL /NOLOGO /LIBPATH:../src kernel32.lib user32.lib ws2_32.lib udt.lib /MANIFEST /MANIFESTUAC:"level='asInvoker' uiAccess='false'" /manifest:embed /DEBUG /PDB:"../app\sendfile.pdb" /SUBSYSTEM:CONSOLE /TLBID:1 /DYNAMICBASE /NXCOMPAT /IMPLIB:"../app\sendfile.lib" /MACHINE:X86 /SAFESEH ../app\sendfile.obj
         "C:\Users\Sinan\SkyDrive\My Documents\Northwestern\_EECS 332\arpong\include\udt4\src\udt.lib"
     1>sendfile.obj : warning LNK4075: ignoring '/EDITANDCONTINUE' due to '/SAFESEH' specification
         sendfile.vcxproj -> C:\Users\Sinan\SkyDrive\My Documents\Northwestern\_EECS 332\arpong\include\udt4\win\../app\sendfile.exe
       BscMake:
         C:\Program Files (x86)\Microsoft Visual Studio 11.0\VC\bin\bscmake.exe /nologo /o"../app\sendfile.bsc" ../app\sendfile.sbr
     1>Done Building Project "C:\Users\Sinan\SkyDrive\My Documents\Northwestern\_EECS 332\arpong\include\udt4\win\sendfile.vcxproj" (Build target(s)).

Build succeeded.

Time Elapsed 00:00:03.38
