Build started 3/11/2013 12:19:58 AM.
     1>Project "C:\Users\Sinan\SkyDrive\My Documents\Northwestern\_EECS 332\arpong\ARPong\ARPong.vcxproj" on node 2 (Rebuild target(s)).
     1>ClCompile:
         C:\Program Files (x86)\Microsoft Visual Studio 11.0\VC\bin\CL.exe /c /ZI /nologo /W3 /WX- /Od /Oy- /D _MBCS /Gm /EHsc /RTC1 /MDd /GS /fp:precise /Zc:wchar_t /Zc:forScope /Fo"Debug\\" /Fd"Debug\vc110.pdb" /Gd /TP /analyze- /errorReport:prompt escapi.cpp library\glut_callbacks.cpp library\glut_draw.cpp library\glut_materials_lights.cpp library\player_class.cpp main.cpp
         main.cpp
     1>c:\users\sinan\skydrive\my documents\northwestern\_eecs 332\arpong\arpong\arpong.h(19): warning C4305: 'initializing' : truncation from 'double' to 'const float'
     1>c:\users\sinan\skydrive\my documents\northwestern\_eecs 332\arpong\arpong\main.cpp(42): warning C4305: 'initializing' : truncation from 'double' to 'GLfloat'
     1>c:\users\sinan\skydrive\my documents\northwestern\_eecs 332\arpong\arpong\main.cpp(43): warning C4305: 'initializing' : truncation from 'double' to 'GLfloat'
     1>c:\users\sinan\skydrive\my documents\northwestern\_eecs 332\arpong\arpong\main.cpp(68): warning C4305: 'argument' : truncation from 'double' to 'GLclampf'
     1>c:\users\sinan\skydrive\my documents\northwestern\_eecs 332\arpong\arpong\main.cpp(148): warning C4244: 'initializing' : conversion from 'double' to 'float', possible loss of data
     1>c:\users\sinan\skydrive\my documents\northwestern\_eecs 332\arpong\arpong\main.cpp(170): warning C4244: 'initializing' : conversion from 'double' to 'float', possible loss of data
         player_class.cpp
         glut_materials_lights.cpp
     1>c:\users\sinan\skydrive\my documents\northwestern\_eecs 332\arpong\arpong\library\glut_materials_lights.cpp(169): warning C4996: 'strncpy': This function or variable may be unsafe. Consider using strncpy_s instead. To disable deprecation, use _CRT_SECURE_NO_WARNINGS. See online help for details.
                 c:\program files (x86)\microsoft visual studio 11.0\vc\include\string.h(191) : see declaration of 'strncpy'
     1>c:\users\sinan\skydrive\my documents\northwestern\_eecs 332\arpong\arpong\library\glut_materials_lights.cpp(180): warning C4996: 'strncpy': This function or variable may be unsafe. Consider using strncpy_s instead. To disable deprecation, use _CRT_SECURE_NO_WARNINGS. See online help for details.
                 c:\program files (x86)\microsoft visual studio 11.0\vc\include\string.h(191) : see declaration of 'strncpy'
     1>c:\users\sinan\skydrive\my documents\northwestern\_eecs 332\arpong\arpong\library\glut_materials_lights.cpp(187): warning C4996: 'strncpy': This function or variable may be unsafe. Consider using strncpy_s instead. To disable deprecation, use _CRT_SECURE_NO_WARNINGS. See online help for details.
                 c:\program files (x86)\microsoft visual studio 11.0\vc\include\string.h(191) : see declaration of 'strncpy'
     1>c:\users\sinan\skydrive\my documents\northwestern\_eecs 332\arpong\arpong\library\glut_materials_lights.cpp(194): warning C4996: 'strncpy': This function or variable may be unsafe. Consider using strncpy_s instead. To disable deprecation, use _CRT_SECURE_NO_WARNINGS. See online help for details.
                 c:\program files (x86)\microsoft visual studio 11.0\vc\include\string.h(191) : see declaration of 'strncpy'
     1>c:\users\sinan\skydrive\my documents\northwestern\_eecs 332\arpong\arpong\library\glut_materials_lights.cpp(201): warning C4996: 'strncpy': This function or variable may be unsafe. Consider using strncpy_s instead. To disable deprecation, use _CRT_SECURE_NO_WARNINGS. See online help for details.
                 c:\program files (x86)\microsoft visual studio 11.0\vc\include\string.h(191) : see declaration of 'strncpy'
     1>c:\users\sinan\skydrive\my documents\northwestern\_eecs 332\arpong\arpong\library\glut_materials_lights.cpp(208): warning C4996: 'strncpy': This function or variable may be unsafe. Consider using strncpy_s instead. To disable deprecation, use _CRT_SECURE_NO_WARNINGS. See online help for details.
                 c:\program files (x86)\microsoft visual studio 11.0\vc\include\string.h(191) : see declaration of 'strncpy'
     1>c:\users\sinan\skydrive\my documents\northwestern\_eecs 332\arpong\arpong\library\glut_materials_lights.cpp(215): warning C4996: 'strncpy': This function or variable may be unsafe. Consider using strncpy_s instead. To disable deprecation, use _CRT_SECURE_NO_WARNINGS. See online help for details.
                 c:\program files (x86)\microsoft visual studio 11.0\vc\include\string.h(191) : see declaration of 'strncpy'
     1>c:\users\sinan\skydrive\my documents\northwestern\_eecs 332\arpong\arpong\library\glut_materials_lights.cpp(222): warning C4996: 'strncpy': This function or variable may be unsafe. Consider using strncpy_s instead. To disable deprecation, use _CRT_SECURE_NO_WARNINGS. See online help for details.
                 c:\program files (x86)\microsoft visual studio 11.0\vc\include\string.h(191) : see declaration of 'strncpy'
     1>c:\users\sinan\skydrive\my documents\northwestern\_eecs 332\arpong\arpong\library\glut_materials_lights.cpp(229): warning C4996: 'strncpy': This function or variable may be unsafe. Consider using strncpy_s instead. To disable deprecation, use _CRT_SECURE_NO_WARNINGS. See online help for details.
                 c:\program files (x86)\microsoft visual studio 11.0\vc\include\string.h(191) : see declaration of 'strncpy'
     1>c:\users\sinan\skydrive\my documents\northwestern\_eecs 332\arpong\arpong\library\glut_materials_lights.cpp(236): warning C4996: 'strncpy': This function or variable may be unsafe. Consider using strncpy_s instead. To disable deprecation, use _CRT_SECURE_NO_WARNINGS. See online help for details.
                 c:\program files (x86)\microsoft visual studio 11.0\vc\include\string.h(191) : see declaration of 'strncpy'
     1>c:\users\sinan\skydrive\my documents\northwestern\_eecs 332\arpong\arpong\library\glut_materials_lights.cpp(243): warning C4996: 'strncpy': This function or variable may be unsafe. Consider using strncpy_s instead. To disable deprecation, use _CRT_SECURE_NO_WARNINGS. See online help for details.
                 c:\program files (x86)\microsoft visual studio 11.0\vc\include\string.h(191) : see declaration of 'strncpy'
     1>c:\users\sinan\skydrive\my documents\northwestern\_eecs 332\arpong\arpong\library\glut_materials_lights.cpp(250): warning C4996: 'strncpy': This function or variable may be unsafe. Consider using strncpy_s instead. To disable deprecation, use _CRT_SECURE_NO_WARNINGS. See online help for details.
                 c:\program files (x86)\microsoft visual studio 11.0\vc\include\string.h(191) : see declaration of 'strncpy'
     1>c:\users\sinan\skydrive\my documents\northwestern\_eecs 332\arpong\arpong\library\glut_materials_lights.cpp(257): warning C4996: 'strncpy': This function or variable may be unsafe. Consider using strncpy_s instead. To disable deprecation, use _CRT_SECURE_NO_WARNINGS. See online help for details.
                 c:\program files (x86)\microsoft visual studio 11.0\vc\include\string.h(191) : see declaration of 'strncpy'
     1>c:\users\sinan\skydrive\my documents\northwestern\_eecs 332\arpong\arpong\library\glut_materials_lights.cpp(264): warning C4996: 'strncpy': This function or variable may be unsafe. Consider using strncpy_s instead. To disable deprecation, use _CRT_SECURE_NO_WARNINGS. See online help for details.
                 c:\program files (x86)\microsoft visual studio 11.0\vc\include\string.h(191) : see declaration of 'strncpy'
     1>c:\users\sinan\skydrive\my documents\northwestern\_eecs 332\arpong\arpong\library\glut_materials_lights.cpp(271): warning C4996: 'strncpy': This function or variable may be unsafe. Consider using strncpy_s instead. To disable deprecation, use _CRT_SECURE_NO_WARNINGS. See online help for details.
                 c:\program files (x86)\microsoft visual studio 11.0\vc\include\string.h(191) : see declaration of 'strncpy'
     1>c:\users\sinan\skydrive\my documents\northwestern\_eecs 332\arpong\arpong\library\glut_materials_lights.cpp(278): warning C4996: 'strncpy': This function or variable may be unsafe. Consider using strncpy_s instead. To disable deprecation, use _CRT_SECURE_NO_WARNINGS. See online help for details.
                 c:\program files (x86)\microsoft visual studio 11.0\vc\include\string.h(191) : see declaration of 'strncpy'
     1>c:\users\sinan\skydrive\my documents\northwestern\_eecs 332\arpong\arpong\library\glut_materials_lights.cpp(285): warning C4996: 'strncpy': This function or variable may be unsafe. Consider using strncpy_s instead. To disable deprecation, use _CRT_SECURE_NO_WARNINGS. See online help for details.
                 c:\program files (x86)\microsoft visual studio 11.0\vc\include\string.h(191) : see declaration of 'strncpy'
     1>c:\users\sinan\skydrive\my documents\northwestern\_eecs 332\arpong\arpong\library\glut_materials_lights.cpp(292): warning C4996: 'strncpy': This function or variable may be unsafe. Consider using strncpy_s instead. To disable deprecation, use _CRT_SECURE_NO_WARNINGS. See online help for details.
                 c:\program files (x86)\microsoft visual studio 11.0\vc\include\string.h(191) : see declaration of 'strncpy'
     1>c:\users\sinan\skydrive\my documents\northwestern\_eecs 332\arpong\arpong\library\glut_materials_lights.cpp(299): warning C4996: 'strncpy': This function or variable may be unsafe. Consider using strncpy_s instead. To disable deprecation, use _CRT_SECURE_NO_WARNINGS. See online help for details.
                 c:\program files (x86)\microsoft visual studio 11.0\vc\include\string.h(191) : see declaration of 'strncpy'
     1>c:\users\sinan\skydrive\my documents\northwestern\_eecs 332\arpong\arpong\library\glut_materials_lights.cpp(305): warning C4305: '=' : truncation from 'double' to 'GLfloat'
     1>c:\users\sinan\skydrive\my documents\northwestern\_eecs 332\arpong\arpong\library\glut_materials_lights.cpp(306): warning C4996: 'strncpy': This function or variable may be unsafe. Consider using strncpy_s instead. To disable deprecation, use _CRT_SECURE_NO_WARNINGS. See online help for details.
                 c:\program files (x86)\microsoft visual studio 11.0\vc\include\string.h(191) : see declaration of 'strncpy'
     1>c:\users\sinan\skydrive\my documents\northwestern\_eecs 332\arpong\arpong\library\glut_materials_lights.cpp(312): warning C4305: '=' : truncation from 'double' to 'GLfloat'
     1>c:\users\sinan\skydrive\my documents\northwestern\_eecs 332\arpong\arpong\library\glut_materials_lights.cpp(313): warning C4996: 'strncpy': This function or variable may be unsafe. Consider using strncpy_s instead. To disable deprecation, use _CRT_SECURE_NO_WARNINGS. See online help for details.
                 c:\program files (x86)\microsoft visual studio 11.0\vc\include\string.h(191) : see declaration of 'strncpy'
     1>c:\users\sinan\skydrive\my documents\northwestern\_eecs 332\arpong\arpong\library\glut_materials_lights.cpp(320): warning C4996: 'strncpy': This function or variable may be unsafe. Consider using strncpy_s instead. To disable deprecation, use _CRT_SECURE_NO_WARNINGS. See online help for details.
                 c:\program files (x86)\microsoft visual studio 11.0\vc\include\string.h(191) : see declaration of 'strncpy'
     1>c:\users\sinan\skydrive\my documents\northwestern\_eecs 332\arpong\arpong\library\glut_materials_lights.cpp(327): warning C4996: 'strncpy': This function or variable may be unsafe. Consider using strncpy_s instead. To disable deprecation, use _CRT_SECURE_NO_WARNINGS. See online help for details.
                 c:\program files (x86)\microsoft visual studio 11.0\vc\include\string.h(191) : see declaration of 'strncpy'
     1>c:\users\sinan\skydrive\my documents\northwestern\_eecs 332\arpong\arpong\library\glut_materials_lights.cpp(334): warning C4996: 'strncpy': This function or variable may be unsafe. Consider using strncpy_s instead. To disable deprecation, use _CRT_SECURE_NO_WARNINGS. See online help for details.
                 c:\program files (x86)\microsoft visual studio 11.0\vc\include\string.h(191) : see declaration of 'strncpy'
     1>c:\users\sinan\skydrive\my documents\northwestern\_eecs 332\arpong\arpong\library\glut_materials_lights.cpp(344): warning C4996: 'strncpy': This function or variable may be unsafe. Consider using strncpy_s instead. To disable deprecation, use _CRT_SECURE_NO_WARNINGS. See online help for details.
                 c:\program files (x86)\microsoft visual studio 11.0\vc\include\string.h(191) : see declaration of 'strncpy'
         glut_draw.cpp
     1>c:\users\sinan\skydrive\my documents\northwestern\_eecs 332\arpong\arpong\library\glut_draw.cpp(29): warning C4305: 'argument' : truncation from 'double' to 'GLfloat'
     1>c:\users\sinan\skydrive\my documents\northwestern\_eecs 332\arpong\arpong\library\glut_draw.cpp(36): warning C4305: 'argument' : truncation from 'double' to 'GLfloat'
         glut_callbacks.cpp
         escapi.cpp
         Generating Code...
       Link:
         C:\Program Files (x86)\Microsoft Visual Studio 11.0\VC\bin\link.exe /ERRORREPORT:PROMPT /OUT:"C:\Users\Sinan\SkyDrive\My Documents\Northwestern\_EECS 332\arpong\Debug\ARPong.exe" /INCREMENTAL /NOLOGO freeglut.lib kernel32.lib user32.lib gdi32.lib winspool.lib comdlg32.lib advapi32.lib shell32.lib ole32.lib oleaut32.lib uuid.lib odbc32.lib odbccp32.lib kernel32.lib user32.lib gdi32.lib winspool.lib comdlg32.lib advapi32.lib shell32.lib ole32.lib oleaut32.lib uuid.lib odbc32.lib odbccp32.lib /MANIFEST /MANIFESTUAC:"level='asInvoker' uiAccess='false'" /manifest:embed /DEBUG /PDB:"C:\Users\Sinan\SkyDrive\My Documents\Northwestern\_EECS 332\arpong\Debug\ARPong.pdb" /TLBID:1 /DYNAMICBASE /NXCOMPAT /IMPLIB:"C:\Users\Sinan\SkyDrive\My Documents\Northwestern\_EECS 332\arpong\Debug\ARPong.lib" /MACHINE:X86 Debug\escapi.obj
         Debug\glut_callbacks.obj
         Debug\glut_draw.obj
         Debug\glut_materials_lights.obj
         Debug\player_class.obj
         Debug\main.obj
         ARPong.vcxproj -> C:\Users\Sinan\SkyDrive\My Documents\Northwestern\_EECS 332\arpong\Debug\ARPong.exe
     1>Done Building Project "C:\Users\Sinan\SkyDrive\My Documents\Northwestern\_EECS 332\arpong\ARPong\ARPong.vcxproj" (Rebuild target(s)).

Build succeeded.

Time Elapsed 00:00:02.89
